#
# There is insufficient memory for the Java Runtime Environment to continue.
# Native memory allocation (malloc) failed to allocate 1048576 bytes for AllocateHeap
# Possible reasons:
#   The system is out of physical RAM or swap space
#   The process is running with CompressedOops enabled, and the Java Heap may be blocking the growth of the native heap
# Possible solutions:
#   Reduce memory load on the system
#   Increase physical memory or swap space
#   Check if swap backing store is full
#   Decrease Java heap size (-Xmx/-Xms)
#   Decrease number of Java threads
#   Decrease Java thread stack sizes (-Xss)
#   Set larger code cache with -XX:ReservedCodeCacheSize=
#   JVM is running with Unscaled Compressed Oops mode in which the Java heap is
#     placed in the first 4GB address space. The Java Heap base address is the
#     maximum limit for the native heap growth. Please use -XX:HeapBaseMinAddress
#     to set the Java Heap base and to place the Java Heap above 4GB virtual address.
# This output file may be truncated or incomplete.
#
#  Out of Memory Error (memory/allocation.inline.hpp:61), pid=22948, tid=0x0000000000005df4
#
# JRE version:  (8.0_251-b08) (build )
# Java VM: Java HotSpot(TM) 64-Bit Server VM (25.251-b08 mixed mode windows-amd64 compressed oops)
# Failed to write core dump. Minidumps are not enabled by default on client versions of Windows
#

---------------  T H R E A D  ---------------

Current thread (0x00000000023ee800):  JavaThread "Unknown thread" [_thread_in_vm, id=24052, stack(0x00000000009d0000,0x0000000000ad0000)]

Stack: [0x00000000009d0000,0x0000000000ad0000]
[error occurred during error reporting (printing stack bounds), id 0xc0000005]

Native frames: (J=compiled Java code, j=interpreted, Vv=VM code, C=native code)


---------------  P R O C E S S  ---------------

Java Threads: ( => current thread )

Other Threads:

=>0x00000000023ee800 (exited) JavaThread "Unknown thread" [_thread_in_vm, id=24052, stack(0x00000000009d0000,0x0000000000ad0000)]

VM state:not at safepoint (normal execution)

VM Mutex/Monitor currently owned by a thread: None

heap address: 0x0000000081c00000, size: 2020 MB, Compressed Oops mode: 32-bit
Narrow klass base: 0x0000000000000000, Narrow klass shift: 3
Compressed class space size: 1073741824 Address: 0x0000000100000000

Heap:
 PSYoungGen      total 38400K, used 665K [0x00000000d5f00000, 0x00000000d8980000, 0x0000000100000000)
  eden space 33280K, 2% used [0x00000000d5f00000,0x00000000d5fa6670,0x00000000d7f80000)
  from space 5120K, 0% used [0x00000000d8480000,0x00000000d8480000,0x00000000d8980000)
  to   space 5120K, 0% used [0x00000000d7f80000,0x00000000d7f80000,0x00000000d8480000)
 ParOldGen       total 87552K, used 0K [0x0000000081c00000, 0x0000000087180000, 0x00000000d5f00000)
  object space 87552K, 0% used [0x0000000081c00000,0x0000000081c00000,0x0000000087180000)
 Metaspace       used 752K, capacity 4480K, committed 4480K, reserved 1056768K
  class space    used 76K, capacity 384K, committed 384K, reserved 1048576K

Card table byte_map: [0x0000000011b70000,0x0000000011f70000] byte_map_base: 0x0000000011762000

Marking Bits: (ParMarkBitMap*) 0x000000006b16af90
 Begin Bits: [0x0000000012a20000, 0x00000000149b0000)
 End Bits:   [0x00000000149b0000, 0x0000000016940000)

Polling page: 0x0000000002280000

CodeCache: size=245760Kb used=328Kb max_used=328Kb free=245431Kb
 bounds [0x00000000027b0000, 0x0000000002a20000, 0x00000000117b0000]
 total_blobs=58 nmethods=0 adapters=38
 compilation: enabled

Compilation events (0 events):
No events

GC Heap History (0 events):
No events

Deoptimization events (0 events):
No events

Classes redefined (0 events):
No events

Internal exceptions (0 events):
No events

Events (10 events):
Event: 0.034 loading class java/lang/Short
Event: 0.034 loading class java/lang/Short done
Event: 0.034 loading class java/lang/Integer
Event: 0.034 loading class java/lang/Integer done
Event: 0.034 loading class java/lang/Long
Event: 0.035 loading class java/lang/Long done
Event: 0.035 loading class java/lang/NullPointerException
Event: 0.035 loading class java/lang/NullPointerException done
Event: 0.035 loading class java/lang/ArithmeticException
Event: 0.035 loading class java/lang/ArithmeticException done


Dynamic libraries:
0x00007ff6e1d20000 - 0x00007ff6e1d57000 	C:\Program Files\Java\jre1.8.0_251\bin\javaw.exe
0x00007ffb0fcf0000 - 0x00007ffb0fee5000 	C:\WINDOWS\SYSTEM32\ntdll.dll
0x00007ffb0fa90000 - 0x00007ffb0fb4d000 	C:\WINDOWS\System32\KERNEL32.DLL
0x00007ffb0d950000 - 0x00007ffb0dc18000 	C:\WINDOWS\System32\KERNELBASE.dll
0x00007ffb0fb50000 - 0x00007ffb0fbfc000 	C:\WINDOWS\System32\ADVAPI32.dll
0x00007ffb0f820000 - 0x00007ffb0f8be000 	C:\WINDOWS\System32\msvcrt.dll
0x00007ffb0e0a0000 - 0x00007ffb0e13b000 	C:\WINDOWS\System32\sechost.dll
0x00007ffb0f6f0000 - 0x00007ffb0f81b000 	C:\WINDOWS\System32\RPCRT4.dll
0x00007ffb0f550000 - 0x00007ffb0f6f0000 	C:\WINDOWS\System32\USER32.dll
0x00007ffb0d430000 - 0x00007ffb0d452000 	C:\WINDOWS\System32\win32u.dll
0x00007ffb0fa60000 - 0x00007ffb0fa8a000 	C:\WINDOWS\System32\GDI32.dll
0x00007ffb0d840000 - 0x00007ffb0d94b000 	C:\WINDOWS\System32\gdi32full.dll
0x00007ffb0d510000 - 0x00007ffb0d5ad000 	C:\WINDOWS\System32\msvcp_win.dll
0x00007ffb0d5b0000 - 0x00007ffb0d6b0000 	C:\WINDOWS\System32\ucrtbase.dll
0x00007ffaf7bf0000 - 0x00007ffaf7e8a000 	C:\WINDOWS\WinSxS\amd64_microsoft.windows.common-controls_6595b64144ccf1df_6.0.19041.844_none_ca00b6081b84eb1d\COMCTL32.dll
0x00007ffb0f360000 - 0x00007ffb0f390000 	C:\WINDOWS\System32\IMM32.DLL
0x000000006b730000 - 0x000000006b802000 	C:\Program Files\Java\jre1.8.0_251\bin\msvcr100.dll
0x000000006a940000 - 0x000000006b1eb000 	C:\Program Files\Java\jre1.8.0_251\bin\server\jvm.dll
0x00007ffb0f9f0000 - 0x00007ffb0f9f8000 	C:\WINDOWS\System32\PSAPI.DLL
0x00007ffb02d80000 - 0x00007ffb02d8a000 	C:\WINDOWS\SYSTEM32\VERSION.dll
0x00007ffaf4390000 - 0x00007ffaf4399000 	C:\WINDOWS\SYSTEM32\WSOCK32.dll
0x00007ffb0f2f0000 - 0x00007ffb0f35b000 	C:\WINDOWS\System32\WS2_32.dll
0x00007ffaf8d30000 - 0x00007ffaf8d57000 	C:\WINDOWS\SYSTEM32\WINMM.dll
0x00007ffb03210000 - 0x00007ffb0321f000 	C:\Program Files\Java\jre1.8.0_251\bin\verify.dll
0x00007ffaf9150000 - 0x00007ffaf9179000 	C:\Program Files\Java\jre1.8.0_251\bin\java.dll
0x00007ffaf9130000 - 0x00007ffaf9146000 	C:\Program Files\Java\jre1.8.0_251\bin\zip.dll

VM Arguments:
jvm_args: -Dfile.encoding=UTF-8 
java_command: Main.MainClass
java_class_path (initial): C:\Users\qwer1\2021\정보보안프로젝트\Caesar\Ceasar\bin
Launcher Type: SUN_STANDARD

Environment Variables:
JAVA_HOME=C:\Program Files\Java\jdk1.8.0_241
CLASSPATH=%classpath%;.;.;.
PATH=C:/Program Files/Java/jre1.8.0_251/bin/server;C:/Program Files/Java/jre1.8.0_251/bin;C:/Program Files/Java/jre1.8.0_251/lib/amd64;C:\oraclexe\app\oracle\product\11.2.0\server\bin;C:\Program Files (x86)\Common Files\Oracle\Java\javapath;C:\Program Files (x86)\Intel\Intel(R) Management Engine Components\iCLS\;C:\Program Files\Intel\Intel(R) Management Engine Components\iCLS\;C:\Windows\system32;C:\Windows;C:\Windows\System32\Wbem;C:\Windows\System32\WindowsPowerShell\v1.0\;C:\Windows\System32\OpenSSH\;C:\Program Files (x86)\Intel\Intel(R) Management Engine Components\DAL;C:\Program Files\Intel\Intel(R) Management Engine Components\DAL;C:\Program Files (x86)\Intel\Intel(R) Management Engine Components\IPT;C:\Program Files\Intel\Intel(R) Management Engine Components\IPT;C:\Program Files (x86)\NVIDIA Corporation\PhysX\Common;C:\WINDOWS\system32;C:\WINDOWS;C:\WINDOWS\System32\Wbem;C:\WINDOWS\System32\WindowsPowerShell\v1.0\;C:\WINDOWS\System32\OpenSSH\;C:\Program Files\Intel\WiFi\bin\;C:\Program Files\Common Files\Intel\WirelessCommon\;C:\Program Files\Java\jdk1.8.0_241\bin;C:\APM_Setup\Server\Apache\bin;C:\APM_Setup\Server\MySQL5\bin;C:\APM_;C:\Program Files\MySQL\MySQL Server 5.6\bin;C:\Program Files\nodejs\;C:\Program Files\Microsoft SQL Server\130\Tools\Binn\;C:\Program Files\dotnet\;C:\Program Files\Microsoft SQL Server\Client SDK\ODBC\170\Tools\Binn\;C:\Program Files (x86)\Incredibuild;C:\Program Files\Git\cmd;C:\Program Files (x86)\Git\cmd;C:\Users\qwer1\AppData\Local\Programs\Python\Python38-32\Scripts\;C:\Users\qwer1\AppData\Local\Programs\Python\Python38-32\;C:\Users\qwer1\AppData\Local\Microsoft\WindowsApps;C:\Program Files\Bandizip\;C:\Program Files\Java\jdk1.8.0_241\bin;C:\Users\qwer1\AppData\Local\Programs\Microsoft VS Code\bin;C:\Users\qwer1\AppData\Roaming\npm;C:\Users\qwer1\AppData\Local\Microsoft\WindowsApps;C:\Users\qwer1\.dotnet\tools;C:\Program Files\heroku\bin;C:\WINDOWS\system32;
USERNAME=qwer1
OS=Windows_NT
PROCESSOR_IDENTIFIER=Intel64 Family 6 Model 142 Stepping 10, GenuineIntel



---------------  S Y S T E M  ---------------

OS: Windows 10.0 , 64 bit Build 19041 (10.0.19041.928)

CPU:total 8 (initial active 8) (4 cores per cpu, 2 threads per core) family 6 model 142 stepping 10, cmov, cx8, fxsr, mmx, sse, sse2, sse3, ssse3, sse4.1, sse4.2, popcnt, avx, avx2, aes, clmul, erms, 3dnowpref, lzcnt, ht, tsc, tscinvbit, bmi1, bmi2, adx

Memory: 4k page, physical 8268496k(838208k free), swap 33434320k(5768k free)

vm_info: Java HotSpot(TM) 64-Bit Server VM (25.251-b08) for windows-amd64 JRE (1.8.0_251-b08), built on Mar 12 2020 06:31:49 by "" with MS VC++ 10.0 (VS2010)

time: Wed Apr 21 22:08:37 2021
timezone: 대한민국 표준시
elapsed time: 0 seconds (0d 0h 0m 0s)

