#
# There is insufficient memory for the Java Runtime Environment to continue.
# Native memory allocation (malloc) failed to allocate 710496 bytes for Chunk::new
# Possible reasons:
#   The system is out of physical RAM or swap space
#   The process is running with CompressedOops enabled, and the Java Heap may be blocking the growth of the native heap
# Possible solutions:
#   Reduce memory load on the system
#   Increase physical memory or swap space
#   Check if swap backing store is full
#   Decrease Java heap size (-Xmx/-Xms)
#   Decrease number of Java threads
#   Decrease Java thread stack sizes (-Xss)
#   Set larger code cache with -XX:ReservedCodeCacheSize=
#   JVM is running with Unscaled Compressed Oops mode in which the Java heap is
#     placed in the first 4GB address space. The Java Heap base address is the
#     maximum limit for the native heap growth. Please use -XX:HeapBaseMinAddress
#     to set the Java Heap base and to place the Java Heap above 4GB virtual address.
# This output file may be truncated or incomplete.
#
#  Out of Memory Error (allocation.cpp:389), pid=13036, tid=0x0000000000005d50
#
# JRE version: Java(TM) SE Runtime Environment (8.0_251-b08) (build 1.8.0_251-b08)
# Java VM: Java HotSpot(TM) 64-Bit Server VM (25.251-b08 mixed mode windows-amd64 compressed oops)
# Failed to write core dump. Minidumps are not enabled by default on client versions of Windows
#

---------------  T H R E A D  ---------------

Current thread (0x000000001983e800):  JavaThread "C2 CompilerThread1" daemon [_thread_in_native, id=23888, stack(0x0000000019fb0000,0x000000001a0b0000)]

Stack: [0x0000000019fb0000,0x000000001a0b0000]
[error occurred during error reporting (printing stack bounds), id 0xc0000005]

Native frames: (J=compiled Java code, j=interpreted, Vv=VM code, C=native code)


Current CompileTask:
C2:   1130  602       4       sun.font.TrueTypeFont::initNames (370 bytes)


---------------  P R O C E S S  ---------------

Java Threads: ( => current thread )
  0x000000000275e800 JavaThread "DestroyJavaVM" [_thread_blocked, id=22732, stack(0x0000000002760000,0x0000000002860000)]
  0x000000001a6af800 JavaThread "AWT-EventQueue-0" [_thread_in_native, id=22568, stack(0x000000001c1e0000,0x000000001c2e0000)]
  0x000000001a605000 JavaThread "AWT-Windows" daemon [_thread_in_native, id=22916, stack(0x000000001b000000,0x000000001b100000)]
  0x000000001a604800 JavaThread "AWT-Shutdown" [_thread_blocked, id=23828, stack(0x000000001af00000,0x000000001b000000)]
  0x000000001a603800 JavaThread "Java2D Disposer" daemon [_thread_blocked, id=25624, stack(0x000000001ae00000,0x000000001af00000)]
  0x00000000198f4800 JavaThread "Service Thread" daemon [_thread_blocked, id=23180, stack(0x000000001a2b0000,0x000000001a3b0000)]
  0x0000000019849000 JavaThread "C1 CompilerThread3" daemon [_thread_blocked, id=22824, stack(0x000000001a1b0000,0x000000001a2b0000)]
  0x000000001984b800 JavaThread "C2 CompilerThread2" daemon [_thread_blocked, id=3668, stack(0x000000001a0b0000,0x000000001a1b0000)]
=>0x000000001983e800 JavaThread "C2 CompilerThread1" daemon [_thread_in_native, id=23888, stack(0x0000000019fb0000,0x000000001a0b0000)]
  0x0000000019838000 JavaThread "C2 CompilerThread0" daemon [_thread_blocked, id=5732, stack(0x0000000019eb0000,0x0000000019fb0000)]
  0x0000000019836000 JavaThread "Attach Listener" daemon [_thread_blocked, id=13800, stack(0x0000000019db0000,0x0000000019eb0000)]
  0x0000000019834800 JavaThread "Signal Dispatcher" daemon [_thread_blocked, id=21116, stack(0x0000000019cb0000,0x0000000019db0000)]
  0x0000000002959800 JavaThread "Finalizer" daemon [_thread_blocked, id=17184, stack(0x0000000019bb0000,0x0000000019cb0000)]
  0x0000000002958000 JavaThread "Reference Handler" daemon [_thread_blocked, id=17504, stack(0x00000000196b0000,0x00000000197b0000)]

Other Threads:
  0x00000000178d9800 VMThread [stack: 0x00000000195b0000,0x00000000196b0000] [id=15896]
  0x00000000198f8800 WatcherThread [stack: 0x000000001a3b0000,0x000000001a4b0000] [id=9756]

VM state:not at safepoint (normal execution)

VM Mutex/Monitor currently owned by a thread: None

heap address: 0x0000000081c00000, size: 2020 MB, Compressed Oops mode: 32-bit
Narrow klass base: 0x0000000000000000, Narrow klass shift: 3
Compressed class space size: 1073741824 Address: 0x0000000100000000

Heap:
 PSYoungGen      total 38400K, used 21099K [0x00000000d5f00000, 0x00000000d8980000, 0x0000000100000000)
  eden space 33280K, 63% used [0x00000000d5f00000,0x00000000d739ad18,0x00000000d7f80000)
  from space 5120K, 0% used [0x00000000d8480000,0x00000000d8480000,0x00000000d8980000)
  to   space 5120K, 0% used [0x00000000d7f80000,0x00000000d7f80000,0x00000000d8480000)
 ParOldGen       total 87552K, used 0K [0x0000000081c00000, 0x0000000087180000, 0x00000000d5f00000)
  object space 87552K, 0% used [0x0000000081c00000,0x0000000081c00000,0x0000000087180000)
 Metaspace       used 9891K, capacity 10038K, committed 10368K, reserved 1058816K
  class space    used 1238K, capacity 1319K, committed 1408K, reserved 1048576K

Card table byte_map: [0x0000000011d20000,0x0000000012120000] byte_map_base: 0x0000000011912000

Marking Bits: (ParMarkBitMap*) 0x000000006b16af90
 Begin Bits: [0x0000000012bd0000, 0x0000000014b60000)
 End Bits:   [0x0000000014b60000, 0x0000000016af0000)

Polling page: 0x0000000000b40000

CodeCache: size=245760Kb used=2720Kb max_used=2720Kb free=243040Kb
 bounds [0x0000000002960000, 0x0000000002c10000, 0x0000000011960000]
 total_blobs=1128 nmethods=671 adapters=370
 compilation: enabled

Compilation events (10 events):
Event: 1.088 Thread 0x0000000019849000  665       3       java.awt.Component::checkTreeLock (21 bytes)
Event: 1.089 Thread 0x0000000019849000 nmethod 665 0x0000000002bfedd0 code [0x0000000002bfef60, 0x0000000002bff2b8]
Event: 1.089 Thread 0x0000000019849000  667       3       java.util.ArrayList$Itr::checkForComodification (23 bytes)
Event: 1.089 Thread 0x0000000019849000 nmethod 667 0x0000000002bfe950 code [0x0000000002bfeac0, 0x0000000002bfece8]
Event: 1.089 Thread 0x0000000019849000  668       3       java.util.ArrayList::get (11 bytes)
Event: 1.090 Thread 0x0000000019849000 nmethod 668 0x0000000002bfe250 code [0x0000000002bfe3e0, 0x0000000002bfe738]
Event: 1.090 Thread 0x0000000019849000  669       3       java.util.ArrayList$Itr::next (66 bytes)
Event: 1.090 Thread 0x0000000019849000 nmethod 669 0x0000000002c05410 code [0x0000000002c055c0, 0x0000000002c05a68]
Event: 1.090 Thread 0x0000000019849000  670       3       java.security.AccessControlContext::optimize (318 bytes)
Event: 1.092 Thread 0x0000000019849000 nmethod 670 0x0000000002c05cd0 code [0x0000000002c06020, 0x0000000002c07b78]

GC Heap History (0 events):
No events

Deoptimization events (8 events):
Event: 0.669 Thread 0x000000001a6af800 Uncommon trap: reason=class_check action=maybe_recompile pc=0x0000000002aca694 method=java.lang.String.equals(Ljava/lang/Object;)Z @ 8
Event: 0.669 Thread 0x000000001a6af800 Uncommon trap: reason=class_check action=maybe_recompile pc=0x0000000002aca694 method=java.lang.String.equals(Ljava/lang/Object;)Z @ 8
Event: 0.669 Thread 0x000000001a6af800 Uncommon trap: reason=class_check action=maybe_recompile pc=0x0000000002aca694 method=java.lang.String.equals(Ljava/lang/Object;)Z @ 8
Event: 0.669 Thread 0x000000001a6af800 Uncommon trap: reason=class_check action=maybe_recompile pc=0x0000000002aca694 method=java.lang.String.equals(Ljava/lang/Object;)Z @ 8
Event: 0.896 Thread 0x000000001a6af800 Uncommon trap: reason=unstable_if action=reinterpret pc=0x0000000002b1308c method=java.lang.String.toLowerCase(Ljava/util/Locale;)Ljava/lang/String; @ 37
Event: 0.905 Thread 0x000000001a6af800 Uncommon trap: reason=unstable_if action=reinterpret pc=0x0000000002bc8990 method=java.lang.Character.isSurrogate(C)Z @ 3
Event: 1.032 Thread 0x000000001a6af800 Uncommon trap: reason=unstable_if action=reinterpret pc=0x0000000002ba7e60 method=sun.font.TrueTypeFont.getDirectoryEntry(I)Lsun/font/TrueTypeFont$DirectoryEntry; @ 7
Event: 1.080 Thread 0x000000000275e800 Uncommon trap: reason=predicate action=maybe_recompile pc=0x0000000002b53440 method=java.util.ArrayList.indexOf(Ljava/lang/Object;)I @ 44

Classes redefined (0 events):
No events

Internal exceptions (10 events):
Event: 0.146 Thread 0x000000000275e800 Exception <a 'java/security/PrivilegedActionException'> (0x00000000d5fe8c68) thrown at [C:\jenkins\workspace\8-2-build-windows-amd64-cygwin\jdk8u251\737\hotspot\src\share\vm\prims\jvm.cpp, line 1502]
Event: 0.146 Thread 0x000000000275e800 Exception <a 'java/security/PrivilegedActionException'> (0x00000000d5fe8e78) thrown at [C:\jenkins\workspace\8-2-build-windows-amd64-cygwin\jdk8u251\737\hotspot\src\share\vm\prims\jvm.cpp, line 1502]
Event: 0.148 Thread 0x000000000275e800 Exception <a 'java/security/PrivilegedActionException'> (0x00000000d5fecae8) thrown at [C:\jenkins\workspace\8-2-build-windows-amd64-cygwin\jdk8u251\737\hotspot\src\share\vm\prims\jvm.cpp, line 1502]
Event: 0.148 Thread 0x000000000275e800 Exception <a 'java/security/PrivilegedActionException'> (0x00000000d5feccf8) thrown at [C:\jenkins\workspace\8-2-build-windows-amd64-cygwin\jdk8u251\737\hotspot\src\share\vm\prims\jvm.cpp, line 1502]
Event: 0.159 Thread 0x000000000275e800 Exception <a 'java/io/FileNotFoundException'> (0x00000000d5fefe20) thrown at [C:\jenkins\workspace\8-2-build-windows-amd64-cygwin\jdk8u251\737\hotspot\src\share\vm\prims\jni.cpp, line 710]
Event: 0.187 Thread 0x000000000275e800 Exception <a 'java/lang/NoSuchFieldError': method resolution failed> (0x00000000d6166ba8) thrown at [C:\jenkins\workspace\8-2-build-windows-amd64-cygwin\jdk8u251\737\hotspot\src\share\vm\prims\methodHandles.cpp, line 1167]
Event: 0.188 Thread 0x000000000275e800 Exception <a 'java/lang/NoSuchFieldError': method resolution failed> (0x00000000d6173f78) thrown at [C:\jenkins\workspace\8-2-build-windows-amd64-cygwin\jdk8u251\737\hotspot\src\share\vm\prims\methodHandles.cpp, line 1167]
Event: 0.220 Thread 0x000000000275e800 Exception <a 'java/io/FileNotFoundException'> (0x00000000d620e488) thrown at [C:\jenkins\workspace\8-2-build-windows-amd64-cygwin\jdk8u251\737\hotspot\src\share\vm\prims\jni.cpp, line 710]
Event: 0.291 Thread 0x000000000275e800 Exception <a 'java/io/FileNotFoundException'> (0x00000000d636b560) thrown at [C:\jenkins\workspace\8-2-build-windows-amd64-cygwin\jdk8u251\737\hotspot\src\share\vm\prims\jni.cpp, line 710]
Event: 0.291 Thread 0x000000000275e800 Exception <a 'java/lang/NullPointerException'> (0x00000000d636bc08) thrown at [C:\jenkins\workspace\8-2-build-windows-amd64-cygwin\jdk8u251\737\hotspot\src\share\vm\interpreter\linkResolver.cpp, line 1185]

Events (10 events):
Event: 1.122 loading class sun/awt/im/CompositionAreaHandler
Event: 1.122 loading class sun/awt/im/CompositionAreaHandler done
Event: 1.122 loading class java/text/AttributedString
Event: 1.122 loading class java/text/AttributedString done
Event: 1.122 loading class java/text/AttributedString$AttributedStringIterator
Event: 1.122 loading class java/text/AttributedCharacterIterator
Event: 1.122 loading class java/text/CharacterIterator
Event: 1.122 loading class java/text/CharacterIterator done
Event: 1.123 loading class java/text/AttributedCharacterIterator done
Event: 1.123 loading class java/text/AttributedString$AttributedStringIterator done


Dynamic libraries:
0x00007ff6e1d20000 - 0x00007ff6e1d57000 	C:\Program Files\Java\jre1.8.0_251\bin\javaw.exe
0x00007ffb0fcf0000 - 0x00007ffb0fee5000 	C:\WINDOWS\SYSTEM32\ntdll.dll
0x00007ffb0fa90000 - 0x00007ffb0fb4d000 	C:\WINDOWS\System32\KERNEL32.DLL
0x00007ffb0d950000 - 0x00007ffb0dc18000 	C:\WINDOWS\System32\KERNELBASE.dll
0x00007ffb0fb50000 - 0x00007ffb0fbfc000 	C:\WINDOWS\System32\ADVAPI32.dll
0x00007ffb0f820000 - 0x00007ffb0f8be000 	C:\WINDOWS\System32\msvcrt.dll
0x00007ffb0e0a0000 - 0x00007ffb0e13b000 	C:\WINDOWS\System32\sechost.dll
0x00007ffb0f6f0000 - 0x00007ffb0f81b000 	C:\WINDOWS\System32\RPCRT4.dll
0x00007ffb0f550000 - 0x00007ffb0f6f0000 	C:\WINDOWS\System32\USER32.dll
0x00007ffb0d430000 - 0x00007ffb0d452000 	C:\WINDOWS\System32\win32u.dll
0x00007ffb0fa60000 - 0x00007ffb0fa8a000 	C:\WINDOWS\System32\GDI32.dll
0x00007ffb0d840000 - 0x00007ffb0d94b000 	C:\WINDOWS\System32\gdi32full.dll
0x00007ffb0d510000 - 0x00007ffb0d5ad000 	C:\WINDOWS\System32\msvcp_win.dll
0x00007ffb0d5b0000 - 0x00007ffb0d6b0000 	C:\WINDOWS\System32\ucrtbase.dll
0x00007ffaf7bf0000 - 0x00007ffaf7e8a000 	C:\WINDOWS\WinSxS\amd64_microsoft.windows.common-controls_6595b64144ccf1df_6.0.19041.844_none_ca00b6081b84eb1d\COMCTL32.dll
0x00007ffb0f360000 - 0x00007ffb0f390000 	C:\WINDOWS\System32\IMM32.DLL
0x000000006b730000 - 0x000000006b802000 	C:\Program Files\Java\jre1.8.0_251\bin\msvcr100.dll
0x000000006a940000 - 0x000000006b1eb000 	C:\Program Files\Java\jre1.8.0_251\bin\server\jvm.dll
0x00007ffb0f9f0000 - 0x00007ffb0f9f8000 	C:\WINDOWS\System32\PSAPI.DLL
0x00007ffaf8d30000 - 0x00007ffaf8d57000 	C:\WINDOWS\SYSTEM32\WINMM.dll
0x00007ffaf4390000 - 0x00007ffaf4399000 	C:\WINDOWS\SYSTEM32\WSOCK32.dll
0x00007ffb0f2f0000 - 0x00007ffb0f35b000 	C:\WINDOWS\System32\WS2_32.dll
0x00007ffb02d80000 - 0x00007ffb02d8a000 	C:\WINDOWS\SYSTEM32\VERSION.dll
0x00007ffb05f30000 - 0x00007ffb05f3f000 	C:\Program Files\Java\jre1.8.0_251\bin\verify.dll
0x00007ffaf99c0000 - 0x00007ffaf99e9000 	C:\Program Files\Java\jre1.8.0_251\bin\java.dll
0x00007ffb03200000 - 0x00007ffb03216000 	C:\Program Files\Java\jre1.8.0_251\bin\zip.dll
0x00007ffb0e140000 - 0x00007ffb0e882000 	C:\WINDOWS\System32\SHELL32.dll
0x00007ffb0b470000 - 0x00007ffb0bc01000 	C:\WINDOWS\SYSTEM32\windows.storage.dll
0x00007ffb0eec0000 - 0x00007ffb0f215000 	C:\WINDOWS\System32\combase.dll
0x00007ffb0cea0000 - 0x00007ffb0cecc000 	C:\WINDOWS\SYSTEM32\Wldp.dll
0x00007ffb0edf0000 - 0x00007ffb0ee9e000 	C:\WINDOWS\System32\SHCORE.dll
0x00007ffb0df20000 - 0x00007ffb0df75000 	C:\WINDOWS\System32\shlwapi.dll
0x00007ffb0d370000 - 0x00007ffb0d38f000 	C:\WINDOWS\SYSTEM32\profapi.dll
0x00007ffae6a50000 - 0x00007ffae6bea000 	C:\Program Files\Java\jre1.8.0_251\bin\awt.dll
0x00007ffb0f220000 - 0x00007ffb0f2ed000 	C:\WINDOWS\System32\OLEAUT32.dll
0x00007ffb06b60000 - 0x00007ffb06bf0000 	C:\WINDOWS\SYSTEM32\apphelp.dll
0x00007ffb0acf0000 - 0x00007ffb0ad1f000 	C:\WINDOWS\system32\DWMAPI.DLL
0x00007ffb06c50000 - 0x00007ffb06cee000 	C:\WINDOWS\system32\uxtheme.dll
0x00007ffae3b00000 - 0x00007ffae3c26000 	C:\WINDOWS\system32\opengl32.dll
0x00007ffae3ad0000 - 0x00007ffae3afc000 	C:\WINDOWS\SYSTEM32\GLU32.dll
0x00007ffb0df80000 - 0x00007ffb0e095000 	C:\WINDOWS\System32\MSCTF.dll
0x00007ffb0f8c0000 - 0x00007ffb0f9ea000 	C:\WINDOWS\System32\ole32.dll
0x00007ffb0bd00000 - 0x00007ffb0bd12000 	C:\WINDOWS\SYSTEM32\kernel.appcore.dll
0x00007ffb0dc20000 - 0x00007ffb0dca0000 	C:\WINDOWS\System32\bcryptPrimitives.dll
0x00007ffaf90a0000 - 0x00007ffaf90e9000 	C:\Program Files\Java\jre1.8.0_251\bin\fontmanager.dll
0x00007ffaf5a20000 - 0x00007ffaf5b19000 	C:\WINDOWS\SYSTEM32\textinputframework.dll
0x00007ffb065d0000 - 0x00007ffb0692e000 	C:\WINDOWS\System32\CoreUIComponents.dll
0x00007ffb06930000 - 0x00007ffb06a22000 	C:\WINDOWS\System32\CoreMessaging.dll
0x00007ffb0a060000 - 0x00007ffb0a1b4000 	C:\WINDOWS\SYSTEM32\wintypes.dll
0x00007ffb0c170000 - 0x00007ffb0c1a3000 	C:\WINDOWS\SYSTEM32\ntmarta.dll
0x00007ffb028d0000 - 0x00007ffb028ea000 	C:\Program Files\Java\jre1.8.0_251\bin\net.dll
0x00007ffb0cc10000 - 0x00007ffb0cc7a000 	C:\WINDOWS\system32\mswsock.dll
0x00007ffb02840000 - 0x00007ffb02852000 	C:\Program Files\Java\jre1.8.0_251\bin\nio.dll
0x00007ffaf9050000 - 0x00007ffaf9092000 	C:\Program Files\Java\jre1.8.0_251\bin\t2k.dll
0x00007ffb0fc00000 - 0x00007ffb0fca9000 	C:\WINDOWS\System32\clbcatq.dll
0x00007ffb017c0000 - 0x00007ffb01974000 	C:\WINDOWS\SYSTEM32\WindowsCodecs.dll
0x00007ffb0d810000 - 0x00007ffb0d837000 	C:\WINDOWS\System32\bcrypt.dll
0x00007ffae4f10000 - 0x00007ffae4f4e000 	C:\WINDOWS\system32\dataexchange.dll
0x00007ffb05160000 - 0x00007ffb053c4000 	C:\WINDOWS\system32\d3d11.dll
0x00007ffb06060000 - 0x00007ffb06245000 	C:\WINDOWS\system32\dcomp.dll
0x00007ffb0bd70000 - 0x00007ffb0be63000 	C:\WINDOWS\system32\dxgi.dll
0x00007ffb02290000 - 0x00007ffb02491000 	C:\WINDOWS\system32\twinapi.appcore.dll
0x00007fface1e0000 - 0x00007fface2b1000 	C:\Windows\System32\IME\IMEKR\imkrtip.dll
0x00007ffb0a870000 - 0x00007ffb0a967000 	C:\WINDOWS\SYSTEM32\PROPSYS.dll
0x00007fface090000 - 0x00007fface1d2000 	C:\Windows\System32\IME\shared\imetip.dll
0x00007ffacdee0000 - 0x00007fface08e000 	C:\WINDOWS\SYSTEM32\DUI70.dll
0x00007ffaf7aa0000 - 0x00007ffaf7b06000 	C:\WINDOWS\SYSTEM32\OLEACC.dll
0x00007ffacde90000 - 0x00007ffacded1000 	C:\Windows\System32\IME\IMEKR\imkrapi.dll
0x00007ffb03160000 - 0x00007ffb03200000 	C:\WINDOWS\SYSTEM32\policymanager.dll
0x00007ffb0c5d0000 - 0x00007ffb0c65a000 	C:\WINDOWS\SYSTEM32\msvcp110_win.dll
0x00007ffacde50000 - 0x00007ffacde8e000 	C:\Windows\System32\IME\shared\imjkapi.dll

VM Arguments:
jvm_args: -Dfile.encoding=UTF-8 
java_command: Main.MainClass
java_class_path (initial): C:\Users\qwer1\2021\정보보안프로젝트\Caesar\Ceasar\bin
Launcher Type: SUN_STANDARD

Environment Variables:
JAVA_HOME=C:\Program Files\Java\jdk1.8.0_241
CLASSPATH=%classpath%;.;.;.
PATH=C:/Program Files/Java/jre1.8.0_251/bin/server;C:/Program Files/Java/jre1.8.0_251/bin;C:/Program Files/Java/jre1.8.0_251/lib/amd64;C:\oraclexe\app\oracle\product\11.2.0\server\bin;C:\Program Files (x86)\Common Files\Oracle\Java\javapath;C:\Program Files (x86)\Intel\Intel(R) Management Engine Components\iCLS\;C:\Program Files\Intel\Intel(R) Management Engine Components\iCLS\;C:\Windows\system32;C:\Windows;C:\Windows\System32\Wbem;C:\Windows\System32\WindowsPowerShell\v1.0\;C:\Windows\System32\OpenSSH\;C:\Program Files (x86)\Intel\Intel(R) Management Engine Components\DAL;C:\Program Files\Intel\Intel(R) Management Engine Components\DAL;C:\Program Files (x86)\Intel\Intel(R) Management Engine Components\IPT;C:\Program Files\Intel\Intel(R) Management Engine Components\IPT;C:\Program Files (x86)\NVIDIA Corporation\PhysX\Common;C:\WINDOWS\system32;C:\WINDOWS;C:\WINDOWS\System32\Wbem;C:\WINDOWS\System32\WindowsPowerShell\v1.0\;C:\WINDOWS\System32\OpenSSH\;C:\Program Files\Intel\WiFi\bin\;C:\Program Files\Common Files\Intel\WirelessCommon\;C:\Program Files\Java\jdk1.8.0_241\bin;C:\APM_Setup\Server\Apache\bin;C:\APM_Setup\Server\MySQL5\bin;C:\APM_;C:\Program Files\MySQL\MySQL Server 5.6\bin;C:\Program Files\nodejs\;C:\Program Files\Microsoft SQL Server\130\Tools\Binn\;C:\Program Files\dotnet\;C:\Program Files\Microsoft SQL Server\Client SDK\ODBC\170\Tools\Binn\;C:\Program Files (x86)\Incredibuild;C:\Program Files\Git\cmd;C:\Program Files (x86)\Git\cmd;C:\Users\qwer1\AppData\Local\Programs\Python\Python38-32\Scripts\;C:\Users\qwer1\AppData\Local\Programs\Python\Python38-32\;C:\Users\qwer1\AppData\Local\Microsoft\WindowsApps;C:\Program Files\Bandizip\;C:\Program Files\Java\jdk1.8.0_241\bin;C:\Users\qwer1\AppData\Local\Programs\Microsoft VS Code\bin;C:\Users\qwer1\AppData\Roaming\npm;C:\Users\qwer1\AppData\Local\Microsoft\WindowsApps;C:\Users\qwer1\.dotnet\tools;C:\Program Files\heroku\bin;C:\WINDOWS\system32;
USERNAME=qwer1
OS=Windows_NT
PROCESSOR_IDENTIFIER=Intel64 Family 6 Model 142 Stepping 10, GenuineIntel



---------------  S Y S T E M  ---------------

OS: Windows 10.0 , 64 bit Build 19041 (10.0.19041.928)

CPU:total 8 (initial active 8) (4 cores per cpu, 2 threads per core) family 6 model 142 stepping 10, cmov, cx8, fxsr, mmx, sse, sse2, sse3, ssse3, sse4.1, sse4.2, popcnt, avx, avx2, aes, clmul, erms, 3dnowpref, lzcnt, ht, tsc, tscinvbit, bmi1, bmi2, adx

Memory: 4k page, physical 8268496k(431516k free), swap 33434320k(3280k free)

vm_info: Java HotSpot(TM) 64-Bit Server VM (25.251-b08) for windows-amd64 JRE (1.8.0_251-b08), built on Mar 12 2020 06:31:49 by "" with MS VC++ 10.0 (VS2010)

time: Wed Apr 21 23:03:59 2021
timezone: 대한민국 표준시
elapsed time: 1 seconds (0d 0h 0m 1s)

